2025-07-14 18:30:00 | WARN | repo=a4m36jee-2014 | action=pull
2025-04-12 13:38:00 | INFO | repo=a4m36jee-2014 | action=edit | files=5
2025-01-06 13:42:00 | INFO | repo=a4m36jee-2014 | action=pull
2025-09-01 20:53:00 | DEBUG | repo=a4m36jee-2014 | action=test | passed=true
2025-02-21 13:13:00 | INFO | repo=a4m36jee-2014 | action=commit
2025-10-12 07:47:00 | DEBUG | repo=a4m36jee-2014 | action=commit
2025-11-11 07:55:00 | WARN | repo=a4m36jee-2014 | action=commit
2025-03-14 08:54:00 | DEBUG | repo=a4m36jee-2014 | action=commit
2025-01-19 20:16:00 | INFO | repo=a4m36jee-2014 | action=test | passed=true
2025-01-23 12:07:00 | INFO | repo=a4m36jee-2014 | action=commit
2025-06-01 12:16:00 | DEBUG | repo=a4m36jee-2014 | action=commit
2025-03-13 19:21:00 | DEBUG | repo=a4m36jee-2014 | action=commit
2025-06-17 18:26:00 | DEBUG | repo=a4m36jee-2014 | action=commit
2025-11-26 20:36:00 | INFO | repo=a4m36jee-2014 | action=test | passed=true
2025-03-05 19:56:00 | WARN | repo=a4m36jee-2014 | action=commit
2025-03-25 13:17:00 | DEBUG | repo=a4m36jee-2014 | action=commit
2025-12-06 07:32:00 | DEBUG | repo=a4m36jee-2014 | action=pull
2025-09-03 17:49:00 | DEBUG | repo=a4m36jee-2014 | action=commit
2025-10-20 17:56:00 | DEBUG | repo=a4m36jee-2014 | action=edit | files=5
2025-01-08 11:10:00 | INFO | repo=a4m36jee-2014 | action=commit
2025-02-01 07:20:00 | INFO | repo=a4m36jee-2014 | action=commit
2025-09-22 19:11:00 | WARN | repo=a4m36jee-2014 | action=commit
2025-11-10 09:18:00 | DEBUG | repo=a4m36jee-2014 | action=test | passed=true
2025-02-18 18:41:00 | DEBUG | repo=a4m36jee-2014 | action=pull
2025-03-13 07:57:00 | INFO | repo=a4m36jee-2014 | action=commit
2025-06-22 12:57:00 | DEBUG | repo=a4m36jee-2014 | action=commit
2025-05-07 12:25:00 | WARN | repo=a4m36jee-2014 | action=commit
2025-08-01 16:34:00 | DEBUG | repo=a4m36jee-2014 | action=pull
2025-09-03 20:22:00 | INFO | repo=a4m36jee-2014 | action=commit
2025-05-17 18:10:00 | DEBUG | repo=a4m36jee-2014 | action=test | passed=true
2025-08-05 15:15:00 | WARN | repo=a4m36jee-2014 | action=commit
2025-05-10 07:23:00 | INFO | repo=a4m36jee-2014 | action=commit
2025-04-04 21:05:00 | INFO | repo=a4m36jee-2014 | action=commit
2025-11-07 14:20:00 | DEBUG | repo=a4m36jee-2014 | action=commit
2025-02-05 12:55:00 | INFO | repo=a4m36jee-2014 | action=commit
2025-08-14 07:36:00 | DEBUG | repo=a4m36jee-2014 | action=commit
